
hello
new book
new book2
hello byyy
new book
new book2
hello
new book
new book2
hello
new book
new book2
hello
new book
new book2
hello
new book
new book2
hello
new book
new book2
hello
new book
new book2
hello
new book
new book2
hello
51
hello
new book

hello
10

hello
10

hello
3.0
10

hello
3.0
10
1.0
20

hello
3.0
10
1.0
20

hello
3.0
10
1.0
20

hello
3.0
10
1.0
20

hello
4.0
10
2.0
20

hello
5.0
10
3.0
20

hello
6.0
60.0
4.0
80.0

hello
7.0
10
5.0
20

hello

hello

hello

hello

hello

hello
8.0
10
6.0
20

hello
9.0
10
7.0
20

hello
10.0
10
8.0
20

hello
11.0
10
9.0
20

hello
12.0
10
10.0
20
1.0
10
1.0
10
1.0
10

hello
13.0
10
11.0
20
2.0
10
2.0
10
2.0
10
1.0
10

hello
14.0
10
12.0
20
3.0
10
3.0
10
3.0
10
2.0
10

hello
15.0
10
13.0
20
4.0
10
4.0
10
4.0
10
3.0
10

hello
16.0
10
14.0
20
5.0
10
5.0
10
5.0
10
4.0
10

hello
17.0
10
15.0
20
6.0
10
6.0
10
6.0
10
5.0
10

hello
18.0
10
16.0
20
7.0
10
7.0
10
7.0
10
6.0
10

hello
19.0
10
17.0
20
8.0
10
8.0
10
8.0
10
7.0
10

hello
20.0
10
18.0
20
9.0
10
9.0
10
9.0
10
8.0
10

hello
10.0
10
10.0
10
10.0
10
9.0
10

hello
rent hours  11.0
Book rent  10
rent hours  11.0
Book rent  10
rent hours  11.0
Book rent  10
rent hours  10.0
Book rent  10

hello
rent hours  12.0
Book rent  10
rent hours  12.0
Book rent  10
rent hours  12.0
Book rent  10
rent hours  11.0
Book rent  10

hello
rent hours  13.0
Book rent  10
rent hours  13.0
Book rent  10
rent hours  13.0
Book rent  10
rent hours  12.0
Book rent  10

hello

hello
rent hours  14.0
Book rent  10
rent hours  14.0
Book rent  10
rent hours  14.0
Book rent  10
rent hours  13.0
Book rent  10

hello
rent hours  15.0
Book rent  10
rent hours  15.0
Book rent  10
rent hours  15.0
Book rent  10
rent hours  14.0
Book rent  10

hello
rent hours  16.0
Book rent  10
rent hours  16.0
Book rent  10
rent hours  16.0
Book rent  10
rent hours  15.0
Book rent  10

hello
rent hours  17.0
Book rent  10
rent hours  17.0
Book rent  10
rent hours  17.0
Book rent  10
rent hours  16.0
Book rent  10

hello
rent hours  18.0
Book rent  10
rent hours  18.0
Book rent  10
rent hours  18.0
Book rent  10
rent hours  17.0
Book rent  10

hello
rent hours  19.0
Book rent  10
rent hours  19.0
Book rent  10
rent hours  19.0
Book rent  10
rent hours  18.0
Book rent  10

hello
rent hours  20.0
Book rent  10
rent hours  20.0
Book rent  10
rent hours  20.0
Book rent  10
rent hours  19.0
Book rent  10

hello
rent hours  21.0
Book rent  10
rent hours  21.0
Book rent  10
rent hours  21.0
Book rent  10
rent hours  20.0
Book rent  10

hello
rent hours  22.0
Book rent  10
rent hours  22.0
Book rent  10
rent hours  22.0
Book rent  10
rent hours  21.0
Book rent  10

hello
rent hours  23.0
Book rent  10
rent hours  23.0
Book rent  10
rent hours  23.0
Book rent  10
rent hours  22.0
Book rent  10

hello
rent hours  24.0
Book rent  10
rent hours  24.0
Book rent  10
rent hours  24.0
Book rent  10
rent hours  23.0
Book rent  10

hello
rent hours  25.0
Book rent  10
rent hours  25.0
Book rent  10
rent hours  25.0
Book rent  10
rent hours  24.0
Book rent  10

hello
rent hours  26.0
Book rent  10
rent hours  26.0
Book rent  10
rent hours  26.0
Book rent  10
rent hours  25.0
Book rent  10

hello
rent hours  27.0
Book rent  10
rent hours  27.0
Book rent  10
rent hours  27.0
Book rent  10
rent hours  26.0
Book rent  10

hello
rent hours  28.0
Book rent  10
rent hours  28.0
Book rent  10
rent hours  28.0
Book rent  10
rent hours  27.0
Book rent  10

hello
rent hours  29.0
Book rent  10
rent hours  29.0
Book rent  10
rent hours  29.0
Book rent  10
rent hours  28.0
Book rent  10

hello
rent hours  30.0
Book rent  10
rent hours  30.0
Book rent  10
rent hours  30.0
Book rent  10
rent hours  29.0
Book rent  10

hello
rent hours  31.0
Book rent  10
rent hours  31.0
Book rent  10
rent hours  31.0
Book rent  10
rent hours  30.0
Book rent  10

hello
rent hours  32.0
Book rent  10
rent hours  32.0
Book rent  10
rent hours  32.0
Book rent  10
rent hours  31.0
Book rent  10

hello
rent hours  33.0
Book rent  10
rent hours  33.0
Book rent  10
rent hours  33.0
Book rent  10
rent hours  32.0
Book rent  10

hello
rent hours  34.0
Book rent  10
rent hours  34.0
Book rent  10
rent hours  34.0
Book rent  10
rent hours  33.0
Book rent  10

hello
rent hours  35.0
Book rent  10
rent hours  35.0
Book rent  10
rent hours  35.0
Book rent  10
rent hours  34.0
Book rent  10

hello
rent hours  36.0
Book rent  10
rent hours  36.0
Book rent  10
rent hours  36.0
Book rent  10
rent hours  35.0
Book rent  10

hello
rent hours  37.0
Book rent  10
rent hours  37.0
Book rent  10
rent hours  37.0
Book rent  10
rent hours  36.0
Book rent  10

hello
rent hours  38.0
Book rent  10
rent hours  38.0
Book rent  10
rent hours  38.0
Book rent  10
rent hours  37.0
Book rent  10

hello
rent hours  39.0
Book rent  10
rent hours  39.0
Book rent  10
rent hours  39.0
Book rent  10
rent hours  38.0
Book rent  10

hello
rent hours  40.0
Book rent  10
rent hours  40.0
Book rent  10
rent hours  40.0
Book rent  10
rent hours  39.0
Book rent  10

hello
rent hours  41.0
Book rent  10
rent hours  41.0
Book rent  10
rent hours  41.0
Book rent  10
rent hours  40.0
Book rent  10

hello
rent hours  42.0
Book rent  10
rent hours  42.0
Book rent  10
rent hours  42.0
Book rent  10
rent hours  41.0
Book rent  10
rent hours  1.0
Book rent  20

hello
rent hours  43.0
Book rent  10
rent hours  43.0
Book rent  10
rent hours  43.0
Book rent  10
rent hours  42.0
Book rent  10
rent hours  2.0
Book rent  20

hello
rent hours  44.0
Book rent  10
rent hours  44.0
Book rent  10
rent hours  44.0
Book rent  10
rent hours  43.0
Book rent  10
rent hours  3.0
Book rent  20

hello
rent hours  45.0
Book rent  10
rent hours  45.0
Book rent  10
rent hours  45.0
Book rent  10
rent hours  44.0
Book rent  10
rent hours  4.0
Book rent  20

hello
rent hours  46.0
Book rent  10
rent hours  46.0
Book rent  10
rent hours  46.0
Book rent  10
rent hours  45.0
Book rent  10
rent hours  5.0
Book rent  20

hello
rent hours  47.0
Book rent  10
rent hours  47.0
Book rent  10
rent hours  47.0
Book rent  10
rent hours  46.0
Book rent  10
rent hours  6.0
Book rent  20

hello
rent hours  48.0
Book rent  10
rent hours  48.0
Book rent  10
rent hours  48.0
Book rent  10
rent hours  47.0
Book rent  10
rent hours  7.0
Book rent  20

hello
rent hours  49.0
Book rent  10
rent hours  49.0
Book rent  10
rent hours  49.0
Book rent  10
rent hours  48.0
Book rent  10
rent hours  8.0
Book rent  20

hello
rent hours  50.0
Book rent  10
rent hours  50.0
Book rent  10
rent hours  50.0
Book rent  10
rent hours  49.0
Book rent  10
rent hours  9.0
Book rent  20

hello
rent hours  51.0
Book rent  10
rent hours  51.0
Book rent  10
rent hours  51.0
Book rent  10
rent hours  50.0
Book rent  10
rent hours  10.0
Book rent  20

hello
rent hours  52.0
Book rent  10
rent hours  52.0
Book rent  10
rent hours  52.0
Book rent  10
rent hours  51.0
Book rent  10
rent hours  11.0
Book rent  20

hello
rent hours  53.0
Book rent  10
rent hours  53.0
Book rent  10
rent hours  53.0
Book rent  10
rent hours  52.0
Book rent  10
rent hours  12.0
Book rent  20

hello
rent hours  54.0
Book rent  10
rent hours  54.0
Book rent  10
rent hours  54.0
Book rent  10
rent hours  53.0
Book rent  10
rent hours  13.0
Book rent  20

hello
rent hours  55.0
Book rent  10
rent hours  55.0
Book rent  10
rent hours  55.0
Book rent  10
rent hours  54.0
Book rent  10
rent hours  14.0
Book rent  20
rent hours  1.0
Book rent  10

hello
rent hours  56.0
Book rent  10
rent hours  56.0
Book rent  10
rent hours  56.0
Book rent  10
rent hours  55.0
Book rent  10
rent hours  15.0
Book rent  20
rent hours  2.0
Book rent  10

hello
rent hours  57.0
Book rent  10
rent hours  57.0
Book rent  10
rent hours  57.0
Book rent  10
rent hours  56.0
Book rent  10
rent hours  16.0
Book rent  20
rent hours  3.0
Book rent  10

hello
rent hours  58.0
Book rent  10
rent hours  58.0
Book rent  10
rent hours  58.0
Book rent  10
rent hours  57.0
Book rent  10
rent hours  17.0
Book rent  20
rent hours  4.0
Book rent  10

hello
rent hours  59.0
Book rent  10
rent hours  59.0
Book rent  10
rent hours  59.0
Book rent  10
rent hours  58.0
Book rent  10
rent hours  18.0
Book rent  20
rent hours  5.0
Book rent  10
rent hours  1.0
Book rent  20

hello
rent hours  60.0
Book rent  10
rent hours  60.0
Book rent  10
rent hours  60.0
Book rent  10
rent hours  59.0
Book rent  10
rent hours  19.0
Book rent  20
rent hours  6.0
Book rent  10
rent hours  2.0
Book rent  20
rent hours  1.0
Book rent  10

hello
rent hours  61.0
Book rent  10
rent hours  61.0
Book rent  10
rent hours  61.0
Book rent  10
rent hours  60.0
Book rent  10
rent hours  20.0
Book rent  20
rent hours  7.0
Book rent  10
rent hours  3.0
Book rent  20
rent hours  2.0
Book rent  10

hello
rent hours  62.0
Book rent  10
rent hours  62.0
Book rent  10
rent hours  62.0
Book rent  10
rent hours  61.0
Book rent  10
rent hours  21.0
Book rent  20
rent hours  8.0
Book rent  10
rent hours  4.0
Book rent  20
rent hours  3.0
Book rent  10

hello
rent hours  63.0
Book rent  10
rent hours  63.0
Book rent  10
rent hours  63.0
Book rent  10
rent hours  62.0
Book rent  10
rent hours  22.0
Book rent  20
rent hours  9.0
Book rent  10
rent hours  5.0
Book rent  20
rent hours  4.0
Book rent  10

hello
rent hours  64.0
Book rent  10
rent hours  64.0
Book rent  10
rent hours  64.0
Book rent  10
rent hours  63.0
Book rent  10
rent hours  23.0
Book rent  20
rent hours  10.0
Book rent  10
rent hours  6.0
Book rent  20
rent hours  5.0
Book rent  10

hello
rent hours  65.0
Book rent  10
rent hours  65.0
Book rent  10
rent hours  65.0
Book rent  10
rent hours  64.0
Book rent  10
rent hours  24.0
Book rent  20
rent hours  11.0
Book rent  10
rent hours  7.0
Book rent  20
rent hours  6.0
Book rent  10

hello
rent hours  66.0
Book rent  10
rent hours  66.0
Book rent  10
rent hours  66.0
Book rent  10
rent hours  65.0
Book rent  10
rent hours  25.0
Book rent  20
rent hours  12.0
Book rent  10
rent hours  8.0
Book rent  20
rent hours  7.0
Book rent  10

hello
rent hours  67.0
Book rent  10
rent hours  67.0
Book rent  10
rent hours  67.0
Book rent  10
rent hours  66.0
Book rent  10
rent hours  26.0
Book rent  20
rent hours  13.0
Book rent  10
rent hours  9.0
Book rent  20
rent hours  8.0
Book rent  10

hello
rent hours  68.0
Book rent  10
rent hours  68.0
Book rent  10
rent hours  68.0
Book rent  10
rent hours  67.0
Book rent  10
rent hours  27.0
Book rent  20
rent hours  14.0
Book rent  10
rent hours  10.0
Book rent  20
rent hours  9.0
Book rent  10

hello
rent hours  69.0
Book rent  10
rent hours  69.0
Book rent  10
rent hours  69.0
Book rent  10
rent hours  68.0
Book rent  10
rent hours  28.0
Book rent  20
rent hours  15.0
Book rent  10
rent hours  11.0
Book rent  20
rent hours  10.0
Book rent  10

hello
rent hours  70.0
Book rent  10
rent hours  70.0
Book rent  10
rent hours  70.0
Book rent  10
rent hours  69.0
Book rent  10
rent hours  29.0
Book rent  20
rent hours  16.0
Book rent  10
rent hours  12.0
Book rent  20
rent hours  11.0
Book rent  10

hello
rent hours  71.0
Book rent  10
rent hours  71.0
Book rent  10
rent hours  71.0
Book rent  10
rent hours  70.0
Book rent  10
rent hours  30.0
Book rent  20
rent hours  17.0
Book rent  10
rent hours  13.0
Book rent  20
rent hours  12.0
Book rent  10

hello
rent hours  72.0
Book rent  10
rent hours  72.0
Book rent  10
rent hours  72.0
Book rent  10
rent hours  71.0
Book rent  10
rent hours  31.0
Book rent  20
rent hours  18.0
Book rent  10
rent hours  14.0
Book rent  20
rent hours  13.0
Book rent  10

hello
rent hours  73.0
Book rent  10
rent hours  73.0
Book rent  10
rent hours  73.0
Book rent  10
rent hours  72.0
Book rent  10
rent hours  32.0
Book rent  20
rent hours  19.0
Book rent  10
rent hours  15.0
Book rent  20
rent hours  14.0
Book rent  10

hello
rent hours  74.0
Book rent  10
rent hours  74.0
Book rent  10
rent hours  74.0
Book rent  10
rent hours  73.0
Book rent  10
rent hours  33.0
Book rent  20
rent hours  20.0
Book rent  10
rent hours  16.0
Book rent  20
rent hours  15.0
Book rent  10

hello
rent hours  75.0
Book rent  10
rent hours  75.0
Book rent  10
rent hours  75.0
Book rent  10
rent hours  74.0
Book rent  10
rent hours  34.0
Book rent  20
rent hours  21.0
Book rent  10
rent hours  17.0
Book rent  20
rent hours  16.0
Book rent  10

hello
rent hours  76.0
Book rent  10
rent hours  76.0
Book rent  10
rent hours  76.0
Book rent  10
rent hours  75.0
Book rent  10
rent hours  35.0
Book rent  20
rent hours  22.0
Book rent  10
rent hours  18.0
Book rent  20
rent hours  17.0
Book rent  10

hello
rent hours  77.0
Book rent  10
rent hours  77.0
Book rent  10
rent hours  77.0
Book rent  10
rent hours  76.0
Book rent  10
rent hours  36.0
Book rent  20
rent hours  23.0
Book rent  10
rent hours  19.0
Book rent  20
rent hours  18.0
Book rent  10

hello
rent hours  78.0
Book rent  10
rent hours  78.0
Book rent  10
rent hours  78.0
Book rent  10
rent hours  77.0
Book rent  10
rent hours  37.0
Book rent  20
rent hours  24.0
Book rent  10
rent hours  20.0
Book rent  20
rent hours  19.0
Book rent  10

hello
rent hours  79.0
Book rent  10
rent hours  79.0
Book rent  10
rent hours  79.0
Book rent  10
rent hours  78.0
Book rent  10
rent hours  38.0
Book rent  20
rent hours  25.0
Book rent  10
rent hours  21.0
Book rent  20
rent hours  20.0
Book rent  10

hello
rent hours  80.0
Book rent  10
rent hours  80.0
Book rent  10
rent hours  80.0
Book rent  10
rent hours  79.0
Book rent  10
rent hours  39.0
Book rent  20
rent hours  26.0
Book rent  10
rent hours  22.0
Book rent  20
rent hours  21.0
Book rent  10

hello
rent hours  81.0
Book rent  10
rent hours  81.0
Book rent  10
rent hours  81.0
Book rent  10
rent hours  80.0
Book rent  10
rent hours  40.0
Book rent  20
rent hours  27.0
Book rent  10
rent hours  23.0
Book rent  20
rent hours  22.0
Book rent  10

hello
rent hours  82.0
Book rent  10
rent hours  82.0
Book rent  10
rent hours  82.0
Book rent  10
rent hours  81.0
Book rent  10
rent hours  41.0
Book rent  20
rent hours  28.0
Book rent  10
rent hours  24.0
Book rent  20
rent hours  23.0
Book rent  10

hello
rent hours  83.0
Book rent  10
rent hours  83.0
Book rent  10
rent hours  83.0
Book rent  10
rent hours  82.0
Book rent  10
rent hours  42.0
Book rent  20
rent hours  29.0
Book rent  10
rent hours  25.0
Book rent  20
rent hours  24.0
Book rent  10

hello
rent hours  84.0
Book rent  10
rent hours  84.0
Book rent  10
rent hours  84.0
Book rent  10
rent hours  83.0
Book rent  10
rent hours  43.0
Book rent  20
rent hours  30.0
Book rent  10
rent hours  26.0
Book rent  20
rent hours  25.0
Book rent  10

hello
rent hours  85.0
Book rent  10
rent hours  85.0
Book rent  10
rent hours  85.0
Book rent  10
rent hours  84.0
Book rent  10
rent hours  44.0
Book rent  20
rent hours  31.0
Book rent  10
rent hours  27.0
Book rent  20
rent hours  26.0
Book rent  10

hello
rent hours  86.0
Book rent  10
rent hours  86.0
Book rent  10
rent hours  86.0
Book rent  10
rent hours  85.0
Book rent  10
rent hours  45.0
Book rent  20
rent hours  32.0
Book rent  10
rent hours  28.0
Book rent  20
rent hours  27.0
Book rent  10

hello
rent hours  87.0
Book rent  10
rent hours  87.0
Book rent  10
rent hours  87.0
Book rent  10
rent hours  86.0
Book rent  10
rent hours  46.0
Book rent  20
rent hours  33.0
Book rent  10
rent hours  29.0
Book rent  20
rent hours  28.0
Book rent  10

hello
rent hours  88.0
Book rent  10
rent hours  88.0
Book rent  10
rent hours  88.0
Book rent  10
rent hours  87.0
Book rent  10
rent hours  47.0
Book rent  20
rent hours  34.0
Book rent  10
rent hours  30.0
Book rent  20
rent hours  29.0
Book rent  10

hello
rent hours  89.0
Book rent  10
rent hours  89.0
Book rent  10
rent hours  89.0
Book rent  10
rent hours  88.0
Book rent  10
rent hours  48.0
Book rent  20
rent hours  35.0
Book rent  10
rent hours  31.0
Book rent  20
rent hours  30.0
Book rent  10

hello
rent hours  90.0
Book rent  10
rent hours  90.0
Book rent  10
rent hours  90.0
Book rent  10
rent hours  89.0
Book rent  10
rent hours  49.0
Book rent  20
rent hours  36.0
Book rent  10
rent hours  32.0
Book rent  20
rent hours  31.0
Book rent  10

hello
rent hours  91.0
Book rent  10
rent hours  91.0
Book rent  10
rent hours  91.0
Book rent  10
rent hours  90.0
Book rent  10
rent hours  50.0
Book rent  20
rent hours  37.0
Book rent  10
rent hours  33.0
Book rent  20
rent hours  32.0
Book rent  10

hello
rent hours  92.0
Book rent  10
rent hours  92.0
Book rent  10
rent hours  92.0
Book rent  10
rent hours  91.0
Book rent  10
rent hours  51.0
Book rent  20
rent hours  38.0
Book rent  10
rent hours  34.0
Book rent  20
rent hours  33.0
Book rent  10

hello
rent hours  93.0
Book rent  10
rent hours  93.0
Book rent  10
rent hours  93.0
Book rent  10
rent hours  92.0
Book rent  10
rent hours  52.0
Book rent  20
rent hours  39.0
Book rent  10
rent hours  35.0
Book rent  20
rent hours  34.0
Book rent  10

hello
rent hours  94.0
Book rent  10
rent hours  94.0
Book rent  10
rent hours  94.0
Book rent  10
rent hours  93.0
Book rent  10
rent hours  53.0
Book rent  20
rent hours  40.0
Book rent  10
rent hours  36.0
Book rent  20
rent hours  35.0
Book rent  10

hello
rent hours  95.0
Book rent  10
rent hours  95.0
Book rent  10
rent hours  95.0
Book rent  10
rent hours  94.0
Book rent  10
rent hours  54.0
Book rent  20
rent hours  41.0
Book rent  10
rent hours  37.0
Book rent  20
rent hours  36.0
Book rent  10

hello
rent hours  96.0
Book rent  10
rent hours  96.0
Book rent  10
rent hours  96.0
Book rent  10
rent hours  95.0
Book rent  10
rent hours  55.0
Book rent  20
rent hours  42.0
Book rent  10
rent hours  38.0
Book rent  20
rent hours  37.0
Book rent  10

hello
rent hours  97.0
Book rent  10
rent hours  97.0
Book rent  10
rent hours  97.0
Book rent  10
rent hours  96.0
Book rent  10
rent hours  56.0
Book rent  20
rent hours  43.0
Book rent  10
rent hours  39.0
Book rent  20
rent hours  38.0
Book rent  10

hello
rent hours  98.0
Book rent  10
rent hours  98.0
Book rent  10
rent hours  98.0
Book rent  10
rent hours  97.0
Book rent  10
rent hours  57.0
Book rent  20
rent hours  44.0
Book rent  10
rent hours  40.0
Book rent  20
rent hours  39.0
Book rent  10

hello
rent hours  99.0
Book rent  10
rent hours  99.0
Book rent  10
rent hours  99.0
Book rent  10
rent hours  98.0
Book rent  10
rent hours  58.0
Book rent  20
rent hours  45.0
Book rent  10
rent hours  41.0
Book rent  20
rent hours  40.0
Book rent  10

hello
rent hours  100.0
Book rent  10
rent hours  100.0
Book rent  10
rent hours  100.0
Book rent  10
rent hours  99.0
Book rent  10
rent hours  59.0
Book rent  20
rent hours  46.0
Book rent  10
rent hours  42.0
Book rent  20
rent hours  41.0
Book rent  10

hello
rent hours  101.0
Book rent  10
rent hours  101.0
Book rent  10
rent hours  101.0
Book rent  10
rent hours  100.0
Book rent  10
rent hours  60.0
Book rent  20
rent hours  47.0
Book rent  10
rent hours  43.0
Book rent  20
rent hours  42.0
Book rent  10

hello
rent hours  102.0
Book rent  10
rent hours  102.0
Book rent  10
rent hours  102.0
Book rent  10
rent hours  101.0
Book rent  10
rent hours  61.0
Book rent  20
rent hours  48.0
Book rent  10
rent hours  44.0
Book rent  20
rent hours  43.0
Book rent  10

hello
rent hours  103.0
Book rent  10
rent hours  103.0
Book rent  10
rent hours  103.0
Book rent  10
rent hours  102.0
Book rent  10
rent hours  62.0
Book rent  20
rent hours  49.0
Book rent  10
rent hours  45.0
Book rent  20
rent hours  44.0
Book rent  10

hello
rent hours  104.0
Book rent  10
rent hours  104.0
Book rent  10
rent hours  104.0
Book rent  10
rent hours  103.0
Book rent  10
rent hours  63.0
Book rent  20
rent hours  50.0
Book rent  10
rent hours  46.0
Book rent  20
rent hours  45.0
Book rent  10

hello
rent hours  105.0
Book rent  10
rent hours  105.0
Book rent  10
rent hours  105.0
Book rent  10
rent hours  104.0
Book rent  10
rent hours  64.0
Book rent  20
rent hours  51.0
Book rent  10
rent hours  47.0
Book rent  20
rent hours  46.0
Book rent  10

hello
rent hours  106.0
Book rent  10
rent hours  106.0
Book rent  10
rent hours  106.0
Book rent  10
rent hours  105.0
Book rent  10
rent hours  65.0
Book rent  20
rent hours  52.0
Book rent  10
rent hours  48.0
Book rent  20
rent hours  47.0
Book rent  10

hello
rent hours  107.0
Book rent  10
rent hours  107.0
Book rent  10
rent hours  107.0
Book rent  10
rent hours  106.0
Book rent  10
rent hours  66.0
Book rent  20
rent hours  53.0
Book rent  10
rent hours  49.0
Book rent  20
rent hours  48.0
Book rent  10

hello
rent hours  108.0
Book rent  10
rent hours  108.0
Book rent  10
rent hours  108.0
Book rent  10
rent hours  107.0
Book rent  10
rent hours  67.0
Book rent  20
rent hours  54.0
Book rent  10
rent hours  50.0
Book rent  20
rent hours  49.0
Book rent  10

hello
rent hours  109.0
Book rent  10
rent hours  109.0
Book rent  10
rent hours  109.0
Book rent  10
rent hours  108.0
Book rent  10
rent hours  68.0
Book rent  20
rent hours  55.0
Book rent  10
rent hours  51.0
Book rent  20
rent hours  50.0
Book rent  10

hello
rent hours  110.0
Book rent  10
rent hours  110.0
Book rent  10
rent hours  110.0
Book rent  10
rent hours  109.0
Book rent  10
rent hours  69.0
Book rent  20
rent hours  56.0
Book rent  10
rent hours  52.0
Book rent  20
rent hours  51.0
Book rent  10

hello
rent hours  111.0
Book rent  10
rent hours  111.0
Book rent  10
rent hours  111.0
Book rent  10
rent hours  110.0
Book rent  10
rent hours  70.0
Book rent  20
rent hours  57.0
Book rent  10
rent hours  53.0
Book rent  20
rent hours  52.0
Book rent  10

hello
rent hours  112.0
Book rent  10
rent hours  112.0
Book rent  10
rent hours  112.0
Book rent  10
rent hours  111.0
Book rent  10
rent hours  71.0
Book rent  20
rent hours  58.0
Book rent  10
rent hours  54.0
Book rent  20
rent hours  53.0
Book rent  10

hello
rent hours  113.0
Book rent  10
rent hours  113.0
Book rent  10
rent hours  113.0
Book rent  10
rent hours  112.0
Book rent  10
rent hours  72.0
Book rent  20
rent hours  59.0
Book rent  10
rent hours  55.0
Book rent  20
rent hours  54.0
Book rent  10

hello
rent hours  114.0
Book rent  10
rent hours  114.0
Book rent  10
rent hours  114.0
Book rent  10
rent hours  113.0
Book rent  10
rent hours  73.0
Book rent  20
rent hours  60.0
Book rent  10
rent hours  56.0
Book rent  20
rent hours  55.0
Book rent  10

hello
rent hours  115.0
Book rent  10
rent hours  115.0
Book rent  10
rent hours  115.0
Book rent  10
rent hours  114.0
Book rent  10
rent hours  74.0
Book rent  20
rent hours  61.0
Book rent  10
rent hours  57.0
Book rent  20
rent hours  56.0
Book rent  10

hello
rent hours  116.0
Book rent  10
rent hours  116.0
Book rent  10
rent hours  116.0
Book rent  10
rent hours  115.0
Book rent  10
rent hours  75.0
Book rent  20
rent hours  62.0
Book rent  10
rent hours  58.0
Book rent  20
rent hours  57.0
Book rent  10

hello
rent hours  117.0
Book rent  10
rent hours  117.0
Book rent  10
rent hours  117.0
Book rent  10
rent hours  116.0
Book rent  10
rent hours  76.0
Book rent  20
rent hours  63.0
Book rent  10
rent hours  59.0
Book rent  20
rent hours  58.0
Book rent  10

hello
rent hours  118.0
Book rent  10
rent hours  118.0
Book rent  10
rent hours  118.0
Book rent  10
rent hours  117.0
Book rent  10
rent hours  77.0
Book rent  20
rent hours  64.0
Book rent  10
rent hours  60.0
Book rent  20
rent hours  59.0
Book rent  10

hello
rent hours  119.0
Book rent  10
rent hours  119.0
Book rent  10
rent hours  119.0
Book rent  10
rent hours  118.0
Book rent  10
rent hours  78.0
Book rent  20
rent hours  65.0
Book rent  10
rent hours  61.0
Book rent  20
rent hours  60.0
Book rent  10

hello
rent hours  120.0
Book rent  10
rent hours  120.0
Book rent  10
rent hours  120.0
Book rent  10
rent hours  119.0
Book rent  10
rent hours  79.0
Book rent  20
rent hours  66.0
Book rent  10
rent hours  62.0
Book rent  20
rent hours  61.0
Book rent  10

hello
rent hours  121.0
Book rent  10
rent hours  121.0
Book rent  10
rent hours  121.0
Book rent  10
rent hours  120.0
Book rent  10
rent hours  80.0
Book rent  20
rent hours  67.0
Book rent  10
rent hours  63.0
Book rent  20
rent hours  62.0
Book rent  10

hello
rent hours  122.0
Book rent  10
rent hours  122.0
Book rent  10
rent hours  122.0
Book rent  10
rent hours  121.0
Book rent  10
rent hours  81.0
Book rent  20
rent hours  68.0
Book rent  10
rent hours  64.0
Book rent  20
rent hours  63.0
Book rent  10

hello
rent hours  123.0
Book rent  10
rent hours  123.0
Book rent  10
rent hours  123.0
Book rent  10
rent hours  122.0
Book rent  10
rent hours  82.0
Book rent  20
rent hours  69.0
Book rent  10
rent hours  65.0
Book rent  20
rent hours  64.0
Book rent  10

hello
rent hours  124.0
Book rent  10
rent hours  124.0
Book rent  10
rent hours  124.0
Book rent  10
rent hours  123.0
Book rent  10
rent hours  83.0
Book rent  20
rent hours  70.0
Book rent  10
rent hours  66.0
Book rent  20
rent hours  65.0
Book rent  10

hello
rent hours  125.0
Book rent  10
rent hours  125.0
Book rent  10
rent hours  125.0
Book rent  10
rent hours  124.0
Book rent  10
rent hours  84.0
Book rent  20
rent hours  71.0
Book rent  10
rent hours  67.0
Book rent  20
rent hours  66.0
Book rent  10

hello
rent hours  126.0
Book rent  10
rent hours  126.0
Book rent  10
rent hours  126.0
Book rent  10
rent hours  125.0
Book rent  10
rent hours  85.0
Book rent  20
rent hours  72.0
Book rent  10
rent hours  68.0
Book rent  20
rent hours  67.0
Book rent  10

hello
rent hours  127.0
Book rent  10
rent hours  127.0
Book rent  10
rent hours  127.0
Book rent  10
rent hours  126.0
Book rent  10
rent hours  86.0
Book rent  20
rent hours  73.0
Book rent  10
rent hours  69.0
Book rent  20
rent hours  68.0
Book rent  10

hello
rent hours  128.0
Book rent  10
rent hours  128.0
Book rent  10
rent hours  128.0
Book rent  10
rent hours  127.0
Book rent  10
rent hours  87.0
Book rent  20
rent hours  74.0
Book rent  10
rent hours  70.0
Book rent  20
rent hours  69.0
Book rent  10

hello
rent hours  129.0
Book rent  10
rent hours  129.0
Book rent  10
rent hours  129.0
Book rent  10
rent hours  128.0
Book rent  10
rent hours  88.0
Book rent  20
rent hours  75.0
Book rent  10
rent hours  71.0
Book rent  20
rent hours  70.0
Book rent  10

hello
rent hours  130.0
Book rent  10
rent hours  130.0
Book rent  10
rent hours  130.0
Book rent  10
rent hours  129.0
Book rent  10
rent hours  89.0
Book rent  20
rent hours  76.0
Book rent  10
rent hours  72.0
Book rent  20
rent hours  71.0
Book rent  10

hello
rent hours  131.0
Book rent  10
rent hours  131.0
Book rent  10
rent hours  131.0
Book rent  10
rent hours  130.0
Book rent  10
rent hours  90.0
Book rent  20
rent hours  77.0
Book rent  10
rent hours  73.0
Book rent  20
rent hours  72.0
Book rent  10

hello
rent hours  132.0
Book rent  10
rent hours  132.0
Book rent  10
rent hours  132.0
Book rent  10
rent hours  131.0
Book rent  10
rent hours  91.0
Book rent  20
rent hours  78.0
Book rent  10
rent hours  74.0
Book rent  20
rent hours  73.0
Book rent  10

hello
rent hours  133.0
Book rent  10
rent hours  133.0
Book rent  10
rent hours  133.0
Book rent  10
rent hours  132.0
Book rent  10
rent hours  92.0
Book rent  20
rent hours  79.0
Book rent  10
rent hours  75.0
Book rent  20
rent hours  74.0
Book rent  10

hello
rent hours  134.0
Book rent  10
rent hours  134.0
Book rent  10
rent hours  134.0
Book rent  10
rent hours  133.0
Book rent  10
rent hours  93.0
Book rent  20
rent hours  80.0
Book rent  10
rent hours  76.0
Book rent  20
rent hours  75.0
Book rent  10

hello
rent hours  135.0
Book rent  10
rent hours  135.0
Book rent  10
rent hours  135.0
Book rent  10
rent hours  134.0
Book rent  10
rent hours  94.0
Book rent  20
rent hours  81.0
Book rent  10
rent hours  77.0
Book rent  20
rent hours  76.0
Book rent  10

hello
rent hours  136.0
Book rent  10
rent hours  136.0
Book rent  10
rent hours  136.0
Book rent  10
rent hours  135.0
Book rent  10
rent hours  95.0
Book rent  20
rent hours  82.0
Book rent  10
rent hours  78.0
Book rent  20
rent hours  77.0
Book rent  10

hello
rent hours  137.0
Book rent  10
rent hours  137.0
Book rent  10
rent hours  137.0
Book rent  10
rent hours  136.0
Book rent  10
rent hours  96.0
Book rent  20
rent hours  83.0
Book rent  10
rent hours  79.0
Book rent  20
rent hours  78.0
Book rent  10

hello
rent hours  138.0
Book rent  10
rent hours  138.0
Book rent  10
rent hours  138.0
Book rent  10
rent hours  137.0
Book rent  10
rent hours  97.0
Book rent  20
rent hours  84.0
Book rent  10
rent hours  80.0
Book rent  20
rent hours  79.0
Book rent  10

hello
rent hours  139.0
Book rent  10
rent hours  139.0
Book rent  10
rent hours  139.0
Book rent  10
rent hours  138.0
Book rent  10
rent hours  98.0
Book rent  20
rent hours  85.0
Book rent  10
rent hours  81.0
Book rent  20
rent hours  80.0
Book rent  10

hello
rent hours  140.0
Book rent  10
rent hours  140.0
Book rent  10
rent hours  140.0
Book rent  10
rent hours  139.0
Book rent  10
rent hours  99.0
Book rent  20
rent hours  86.0
Book rent  10
rent hours  82.0
Book rent  20
rent hours  81.0
Book rent  10

hello
rent hours  141.0
Book rent  10
rent hours  141.0
Book rent  10
rent hours  141.0
Book rent  10
rent hours  140.0
Book rent  10
rent hours  100.0
Book rent  20
rent hours  87.0
Book rent  10
rent hours  83.0
Book rent  20
rent hours  82.0
Book rent  10

hello
rent hours  142.0
Book rent  10
rent hours  142.0
Book rent  10
rent hours  142.0
Book rent  10
rent hours  141.0
Book rent  10
rent hours  101.0
Book rent  20
rent hours  88.0
Book rent  10
rent hours  84.0
Book rent  20
rent hours  83.0
Book rent  10

hello
rent hours  143.0
Book rent  10
rent hours  143.0
Book rent  10
rent hours  143.0
Book rent  10
rent hours  142.0
Book rent  10
rent hours  102.0
Book rent  20
rent hours  89.0
Book rent  10
rent hours  85.0
Book rent  20
rent hours  84.0
Book rent  10

hello
rent hours  144.0
Book rent  10
rent hours  144.0
Book rent  10
rent hours  144.0
Book rent  10
rent hours  143.0
Book rent  10
rent hours  103.0
Book rent  20
rent hours  90.0
Book rent  10
rent hours  86.0
Book rent  20
rent hours  85.0
Book rent  10

hello
rent hours  145.0
Book rent  10
rent hours  145.0
Book rent  10
rent hours  145.0
Book rent  10
rent hours  144.0
Book rent  10
rent hours  104.0
Book rent  20
rent hours  91.0
Book rent  10
rent hours  87.0
Book rent  20
rent hours  86.0
Book rent  10

hello
rent hours  146.0
Book rent  10
rent hours  146.0
Book rent  10
rent hours  146.0
Book rent  10
rent hours  145.0
Book rent  10
rent hours  105.0
Book rent  20
rent hours  92.0
Book rent  10
rent hours  88.0
Book rent  20
rent hours  87.0
Book rent  10

hello
rent hours  147.0
Book rent  10
rent hours  147.0
Book rent  10
rent hours  147.0
Book rent  10
rent hours  146.0
Book rent  10
rent hours  106.0
Book rent  20
rent hours  93.0
Book rent  10
rent hours  89.0
Book rent  20
rent hours  88.0
Book rent  10

hello
rent hours  148.0
Book rent  10
rent hours  148.0
Book rent  10
rent hours  148.0
Book rent  10
rent hours  147.0
Book rent  10
rent hours  107.0
Book rent  20
rent hours  94.0
Book rent  10
rent hours  90.0
Book rent  20
rent hours  89.0
Book rent  10

hello
rent hours  149.0
Book rent  10
rent hours  149.0
Book rent  10
rent hours  149.0
Book rent  10
rent hours  148.0
Book rent  10
rent hours  108.0
Book rent  20
rent hours  95.0
Book rent  10
rent hours  91.0
Book rent  20
rent hours  90.0
Book rent  10

hello
rent hours  150.0
Book rent  10
rent hours  150.0
Book rent  10
rent hours  150.0
Book rent  10
rent hours  149.0
Book rent  10
rent hours  109.0
Book rent  20
rent hours  96.0
Book rent  10
rent hours  92.0
Book rent  20
rent hours  91.0
Book rent  10

hello
rent hours  151.0
Book rent  10
rent hours  151.0
Book rent  10
rent hours  151.0
Book rent  10
rent hours  150.0
Book rent  10
rent hours  110.0
Book rent  20
rent hours  97.0
Book rent  10
rent hours  93.0
Book rent  20
rent hours  92.0
Book rent  10

hello
rent hours  152.0
Book rent  10
rent hours  152.0
Book rent  10
rent hours  152.0
Book rent  10
rent hours  151.0
Book rent  10
rent hours  111.0
Book rent  20
rent hours  98.0
Book rent  10
rent hours  94.0
Book rent  20
rent hours  93.0
Book rent  10

hello
rent hours  153.0
Book rent  10
rent hours  153.0
Book rent  10
rent hours  153.0
Book rent  10
rent hours  152.0
Book rent  10
rent hours  112.0
Book rent  20
rent hours  99.0
Book rent  10
rent hours  95.0
Book rent  20
rent hours  94.0
Book rent  10

hello
rent hours  154.0
Book rent  10
rent hours  154.0
Book rent  10
rent hours  154.0
Book rent  10
rent hours  153.0
Book rent  10
rent hours  113.0
Book rent  20
rent hours  100.0
Book rent  10
rent hours  96.0
Book rent  20
rent hours  95.0
Book rent  10

hello
rent hours  155.0
Book rent  10
rent hours  155.0
Book rent  10
rent hours  155.0
Book rent  10
rent hours  154.0
Book rent  10
rent hours  114.0
Book rent  20
rent hours  101.0
Book rent  10
rent hours  97.0
Book rent  20
rent hours  96.0
Book rent  10

hello
rent hours  156.0
Book rent  10
rent hours  156.0
Book rent  10
rent hours  156.0
Book rent  10
rent hours  155.0
Book rent  10
rent hours  115.0
Book rent  20
rent hours  102.0
Book rent  10
rent hours  98.0
Book rent  20
rent hours  97.0
Book rent  10

hello
rent hours  157.0
Book rent  10
rent hours  157.0
Book rent  10
rent hours  157.0
Book rent  10
rent hours  156.0
Book rent  10
rent hours  116.0
Book rent  20
rent hours  103.0
Book rent  10
rent hours  99.0
Book rent  20
rent hours  98.0
Book rent  10

hello
rent hours  158.0
Book rent  10
rent hours  158.0
Book rent  10
rent hours  158.0
Book rent  10
rent hours  157.0
Book rent  10
rent hours  117.0
Book rent  20
rent hours  104.0
Book rent  10
rent hours  100.0
Book rent  20
rent hours  99.0
Book rent  10

hello
rent hours  159.0
Book rent  10
rent hours  159.0
Book rent  10
rent hours  159.0
Book rent  10
rent hours  158.0
Book rent  10
rent hours  118.0
Book rent  20
rent hours  105.0
Book rent  10
rent hours  101.0
Book rent  20
rent hours  100.0
Book rent  10

hello
rent hours  160.0
Book rent  10
rent hours  160.0
Book rent  10
rent hours  160.0
Book rent  10
rent hours  159.0
Book rent  10
rent hours  119.0
Book rent  20
rent hours  106.0
Book rent  10
rent hours  102.0
Book rent  20
rent hours  101.0
Book rent  10

hello
rent hours  161.0
Book rent  10
rent hours  161.0
Book rent  10
rent hours  161.0
Book rent  10
rent hours  160.0
Book rent  10
rent hours  120.0
Book rent  20
rent hours  107.0
Book rent  10
rent hours  103.0
Book rent  20
rent hours  102.0
Book rent  10

hello
rent hours  162.0
Book rent  10
rent hours  162.0
Book rent  10
rent hours  162.0
Book rent  10
rent hours  161.0
Book rent  10
rent hours  121.0
Book rent  20
rent hours  108.0
Book rent  10
rent hours  104.0
Book rent  20
rent hours  103.0
Book rent  10

hello
rent hours  163.0
Book rent  10
rent hours  163.0
Book rent  10
rent hours  163.0
Book rent  10
rent hours  162.0
Book rent  10
rent hours  122.0
Book rent  20
rent hours  109.0
Book rent  10
rent hours  105.0
Book rent  20
rent hours  104.0
Book rent  10

hello
rent hours  164.0
Book rent  10
rent hours  164.0
Book rent  10
rent hours  164.0
Book rent  10
rent hours  163.0
Book rent  10
rent hours  123.0
Book rent  20
rent hours  110.0
Book rent  10
rent hours  106.0
Book rent  20
rent hours  105.0
Book rent  10

hello
rent hours  165.0
Book rent  10
rent hours  165.0
Book rent  10
rent hours  165.0
Book rent  10
rent hours  164.0
Book rent  10
rent hours  124.0
Book rent  20
rent hours  111.0
Book rent  10
rent hours  107.0
Book rent  20
rent hours  106.0
Book rent  10

hello
rent hours  166.0
Book rent  10
rent hours  166.0
Book rent  10
rent hours  166.0
Book rent  10
rent hours  165.0
Book rent  10
rent hours  125.0
Book rent  20
rent hours  112.0
Book rent  10
rent hours  108.0
Book rent  20
rent hours  107.0
Book rent  10

hello
rent hours  167.0
Book rent  10
rent hours  167.0
Book rent  10
rent hours  167.0
Book rent  10
rent hours  166.0
Book rent  10
rent hours  126.0
Book rent  20
rent hours  113.0
Book rent  10
rent hours  109.0
Book rent  20
rent hours  108.0
Book rent  10

hello
rent hours  168.0
Book rent  10
rent hours  168.0
Book rent  10
rent hours  168.0
Book rent  10
rent hours  167.0
Book rent  10
rent hours  127.0
Book rent  20
rent hours  114.0
Book rent  10
rent hours  110.0
Book rent  20
rent hours  109.0
Book rent  10

hello
rent hours  169.0
Book rent  10
rent hours  169.0
Book rent  10
rent hours  169.0
Book rent  10
rent hours  168.0
Book rent  10
rent hours  128.0
Book rent  20
rent hours  115.0
Book rent  10
rent hours  111.0
Book rent  20
rent hours  110.0
Book rent  10

hello
rent hours  170.0
Book rent  10
rent hours  170.0
Book rent  10
rent hours  170.0
Book rent  10
rent hours  169.0
Book rent  10
rent hours  129.0
Book rent  20
rent hours  116.0
Book rent  10
rent hours  112.0
Book rent  20
rent hours  111.0
Book rent  10

hello
rent hours  171.0
Book rent  10
rent hours  171.0
Book rent  10
rent hours  171.0
Book rent  10
rent hours  170.0
Book rent  10
rent hours  130.0
Book rent  20
rent hours  117.0
Book rent  10
rent hours  113.0
Book rent  20
rent hours  112.0
Book rent  10

hello
rent hours  172.0
Book rent  10
rent hours  172.0
Book rent  10
rent hours  172.0
Book rent  10
rent hours  171.0
Book rent  10
rent hours  131.0
Book rent  20
rent hours  118.0
Book rent  10
rent hours  114.0
Book rent  20
rent hours  113.0
Book rent  10

hello
rent hours  173.0
Book rent  10
rent hours  173.0
Book rent  10
rent hours  173.0
Book rent  10
rent hours  172.0
Book rent  10
rent hours  132.0
Book rent  20
rent hours  119.0
Book rent  10
rent hours  115.0
Book rent  20
rent hours  114.0
Book rent  10

hello
rent hours  174.0
Book rent  10
rent hours  174.0
Book rent  10
rent hours  174.0
Book rent  10
rent hours  173.0
Book rent  10
rent hours  133.0
Book rent  20
rent hours  120.0
Book rent  10
rent hours  116.0
Book rent  20
rent hours  115.0
Book rent  10

hello
rent hours  175.0
Book rent  10
rent hours  175.0
Book rent  10
rent hours  175.0
Book rent  10
rent hours  174.0
Book rent  10
rent hours  134.0
Book rent  20
rent hours  121.0
Book rent  10
rent hours  117.0
Book rent  20
rent hours  116.0
Book rent  10

hello
rent hours  176.0
Book rent  10
rent hours  176.0
Book rent  10
rent hours  176.0
Book rent  10
rent hours  175.0
Book rent  10
rent hours  135.0
Book rent  20
rent hours  122.0
Book rent  10
rent hours  118.0
Book rent  20
rent hours  117.0
Book rent  10

hello
rent hours  177.0
Book rent  10
rent hours  177.0
Book rent  10
rent hours  177.0
Book rent  10
rent hours  176.0
Book rent  10
rent hours  136.0
Book rent  20
rent hours  123.0
Book rent  10
rent hours  119.0
Book rent  20
rent hours  118.0
Book rent  10

hello
rent hours  178.0
Book rent  10
rent hours  178.0
Book rent  10
rent hours  178.0
Book rent  10
rent hours  177.0
Book rent  10
rent hours  137.0
Book rent  20
rent hours  124.0
Book rent  10
rent hours  120.0
Book rent  20
rent hours  119.0
Book rent  10

hello
rent hours  179.0
Book rent  10
rent hours  179.0
Book rent  10
rent hours  179.0
Book rent  10
rent hours  178.0
Book rent  10
rent hours  138.0
Book rent  20
rent hours  125.0
Book rent  10
rent hours  121.0
Book rent  20
rent hours  120.0
Book rent  10

hello
rent hours  180.0
Book rent  10
rent hours  180.0
Book rent  10
rent hours  180.0
Book rent  10
rent hours  179.0
Book rent  10
rent hours  139.0
Book rent  20
rent hours  126.0
Book rent  10
rent hours  122.0
Book rent  20
rent hours  121.0
Book rent  10

hello
rent hours  181.0
Book rent  10
rent hours  181.0
Book rent  10
rent hours  181.0
Book rent  10
rent hours  180.0
Book rent  10
rent hours  140.0
Book rent  20
rent hours  127.0
Book rent  10
rent hours  123.0
Book rent  20
rent hours  122.0
Book rent  10

hello
rent hours  182.0
Book rent  10
rent hours  182.0
Book rent  10
rent hours  182.0
Book rent  10
rent hours  181.0
Book rent  10
rent hours  141.0
Book rent  20
rent hours  128.0
Book rent  10
rent hours  124.0
Book rent  20
rent hours  123.0
Book rent  10

hello
rent hours  183.0
Book rent  10
rent hours  183.0
Book rent  10
rent hours  183.0
Book rent  10
rent hours  182.0
Book rent  10
rent hours  142.0
Book rent  20
rent hours  129.0
Book rent  10
rent hours  125.0
Book rent  20
rent hours  124.0
Book rent  10

hello
rent hours  184.0
Book rent  10
rent hours  184.0
Book rent  10
rent hours  184.0
Book rent  10
rent hours  183.0
Book rent  10
rent hours  143.0
Book rent  20
rent hours  130.0
Book rent  10
rent hours  126.0
Book rent  20
rent hours  125.0
Book rent  10

hello
rent hours  185.0
Book rent  10
rent hours  185.0
Book rent  10
rent hours  185.0
Book rent  10
rent hours  184.0
Book rent  10
rent hours  144.0
Book rent  20
rent hours  131.0
Book rent  10
rent hours  127.0
Book rent  20
rent hours  126.0
Book rent  10

hello
rent hours  186.0
Book rent  10
rent hours  186.0
Book rent  10
rent hours  186.0
Book rent  10
rent hours  185.0
Book rent  10
rent hours  145.0
Book rent  20
rent hours  132.0
Book rent  10
rent hours  128.0
Book rent  20
rent hours  127.0
Book rent  10

hello
rent hours  187.0
Book rent  10
rent hours  187.0
Book rent  10
rent hours  187.0
Book rent  10
rent hours  186.0
Book rent  10
rent hours  146.0
Book rent  20
rent hours  133.0
Book rent  10
rent hours  129.0
Book rent  20
rent hours  128.0
Book rent  10

hello
rent hours  188.0
Book rent  10
rent hours  188.0
Book rent  10
rent hours  188.0
Book rent  10
rent hours  187.0
Book rent  10
rent hours  147.0
Book rent  20
rent hours  134.0
Book rent  10
rent hours  130.0
Book rent  20
rent hours  129.0
Book rent  10

hello
rent hours  189.0
Book rent  10
rent hours  189.0
Book rent  10
rent hours  189.0
Book rent  10
rent hours  188.0
Book rent  10
rent hours  148.0
Book rent  20
rent hours  135.0
Book rent  10
rent hours  131.0
Book rent  20
rent hours  130.0
Book rent  10

hello
rent hours  190.0
Book rent  10
rent hours  190.0
Book rent  10
rent hours  190.0
Book rent  10
rent hours  189.0
Book rent  10
rent hours  149.0
Book rent  20
rent hours  136.0
Book rent  10
rent hours  132.0
Book rent  20
rent hours  131.0
Book rent  10

hello
rent hours  191.0
Book rent  10
rent hours  191.0
Book rent  10
rent hours  191.0
Book rent  10
rent hours  190.0
Book rent  10
rent hours  150.0
Book rent  20
rent hours  137.0
Book rent  10
rent hours  133.0
Book rent  20
rent hours  132.0
Book rent  10

hello
rent hours  192.0
Book rent  10
rent hours  192.0
Book rent  10
rent hours  192.0
Book rent  10
rent hours  191.0
Book rent  10
rent hours  151.0
Book rent  20
rent hours  138.0
Book rent  10
rent hours  134.0
Book rent  20
rent hours  133.0
Book rent  10

hello
rent hours  193.0
Book rent  10
rent hours  193.0
Book rent  10
rent hours  193.0
Book rent  10
rent hours  192.0
Book rent  10
rent hours  152.0
Book rent  20
rent hours  139.0
Book rent  10
rent hours  135.0
Book rent  20
rent hours  134.0
Book rent  10

hello
rent hours  194.0
Book rent  10
rent hours  194.0
Book rent  10
rent hours  194.0
Book rent  10
rent hours  193.0
Book rent  10
rent hours  153.0
Book rent  20
rent hours  140.0
Book rent  10
rent hours  136.0
Book rent  20
rent hours  135.0
Book rent  10

hello
rent hours  195.0
Book rent  10
rent hours  195.0
Book rent  10
rent hours  195.0
Book rent  10
rent hours  194.0
Book rent  10
rent hours  154.0
Book rent  20
rent hours  141.0
Book rent  10
rent hours  137.0
Book rent  20
rent hours  136.0
Book rent  10

hello
rent hours  196.0
Book rent  10
rent hours  196.0
Book rent  10
rent hours  196.0
Book rent  10
rent hours  195.0
Book rent  10
rent hours  155.0
Book rent  20
rent hours  142.0
Book rent  10
rent hours  138.0
Book rent  20
rent hours  137.0
Book rent  10

hello
rent hours  197.0
Book rent  10
rent hours  197.0
Book rent  10
rent hours  197.0
Book rent  10
rent hours  196.0
Book rent  10
rent hours  156.0
Book rent  20
rent hours  143.0
Book rent  10
rent hours  139.0
Book rent  20
rent hours  138.0
Book rent  10

hello
rent hours  198.0
Book rent  10
rent hours  198.0
Book rent  10
rent hours  198.0
Book rent  10
rent hours  197.0
Book rent  10
rent hours  157.0
Book rent  20
rent hours  144.0
Book rent  10
rent hours  140.0
Book rent  20
rent hours  139.0
Book rent  10

hello
rent hours  199.0
Book rent  10
rent hours  199.0
Book rent  10
rent hours  199.0
Book rent  10
rent hours  198.0
Book rent  10
rent hours  158.0
Book rent  20
rent hours  145.0
Book rent  10
rent hours  141.0
Book rent  20
rent hours  140.0
Book rent  10

hello
rent hours  200.0
Book rent  10
rent hours  200.0
Book rent  10
rent hours  200.0
Book rent  10
rent hours  199.0
Book rent  10
rent hours  159.0
Book rent  20
rent hours  146.0
Book rent  10
rent hours  142.0
Book rent  20
rent hours  141.0
Book rent  10

hello
rent hours  201.0
Book rent  10
rent hours  201.0
Book rent  10
rent hours  201.0
Book rent  10
rent hours  200.0
Book rent  10
rent hours  160.0
Book rent  20
rent hours  147.0
Book rent  10
rent hours  143.0
Book rent  20
rent hours  142.0
Book rent  10

hello
rent hours  202.0
Book rent  10
rent hours  202.0
Book rent  10
rent hours  202.0
Book rent  10
rent hours  201.0
Book rent  10
rent hours  161.0
Book rent  20
rent hours  148.0
Book rent  10
rent hours  144.0
Book rent  20
rent hours  143.0
Book rent  10

hello
rent hours  203.0
Book rent  10
rent hours  203.0
Book rent  10
rent hours  203.0
Book rent  10
rent hours  202.0
Book rent  10
rent hours  162.0
Book rent  20
rent hours  149.0
Book rent  10
rent hours  145.0
Book rent  20
rent hours  144.0
Book rent  10

hello
rent hours  204.0
Book rent  10
rent hours  204.0
Book rent  10
rent hours  204.0
Book rent  10
rent hours  203.0
Book rent  10
rent hours  163.0
Book rent  20
rent hours  150.0
Book rent  10
rent hours  146.0
Book rent  20
rent hours  145.0
Book rent  10

hello
rent hours  205.0
Book rent  10
rent hours  205.0
Book rent  10
rent hours  205.0
Book rent  10
rent hours  204.0
Book rent  10
rent hours  164.0
Book rent  20
rent hours  151.0
Book rent  10
rent hours  147.0
Book rent  20
rent hours  146.0
Book rent  10

hello
rent hours  206.0
Book rent  10
rent hours  206.0
Book rent  10
rent hours  206.0
Book rent  10
rent hours  205.0
Book rent  10
rent hours  165.0
Book rent  20
rent hours  152.0
Book rent  10
rent hours  148.0
Book rent  20
rent hours  147.0
Book rent  10

hello
rent hours  207.0
Book rent  10
rent hours  207.0
Book rent  10
rent hours  207.0
Book rent  10
rent hours  206.0
Book rent  10
rent hours  166.0
Book rent  20
rent hours  153.0
Book rent  10
rent hours  149.0
Book rent  20
rent hours  148.0
Book rent  10

hello

hello
rent hours  1.0
Book rent  20

hello
rent hours  2.0
Book rent  20
